c:\users\kyose\source\repos\make3d\make3d\x64\release\vc143.pdb
c:\users\kyose\source\repos\make3d\make3d\x64\release\utils.obj
c:\users\kyose\source\repos\make3d\make3d\x64\release\volumebuilder.obj
c:\users\kyose\source\repos\make3d\make3d\x64\release\previewrenderer.obj
c:\users\kyose\source\repos\make3d\make3d\x64\release\partprocessor.obj
c:\users\kyose\source\repos\make3d\make3d\x64\release\meshgenerator.obj
c:\users\kyose\source\repos\make3d\make3d\x64\release\mainapp.obj
c:\users\kyose\source\repos\make3d\make3d\x64\release\imageprocessor.obj
c:\users\kyose\source\repos\make3d\make3d\x64\release\fbxexporter.obj
c:\users\kyose\source\repos\make3d\make3d\x64\release\make3d.ipdb
c:\users\kyose\source\repos\make3d\make3d\x64\release\make3d.iobj
c:\users\kyose\source\repos\make3d\make3d\x64\release\appmain.obj
c:\users\kyose\source\repos\make3d\make3d\x64\release\appstate.obj
c:\users\kyose\source\repos\make3d\make3d\x64\release\buildvolumefromimages.obj
c:\users\kyose\source\repos\make3d\make3d\x64\release\imageutils.obj
c:\users\kyose\source\repos\make3d\make3d\x64\release\meshutils.obj
c:\users\kyose\source\repos\make3d\make3d\x64\release\volumeutils.obj
c:\users\kyose\source\repos\make3d\x64\release\make3d.pdb
c:\users\kyose\source\repos\make3d\make3d\x64\release\make3d.tlog\cl.command.1.tlog
c:\users\kyose\source\repos\make3d\make3d\x64\release\make3d.tlog\cl.read.1.tlog
c:\users\kyose\source\repos\make3d\make3d\x64\release\make3d.tlog\cl.write.1.tlog
c:\users\kyose\source\repos\make3d\make3d\x64\release\make3d.tlog\link.command.1.tlog
c:\users\kyose\source\repos\make3d\make3d\x64\release\make3d.tlog\link.read.1.tlog
c:\users\kyose\source\repos\make3d\make3d\x64\release\make3d.tlog\link.secondary.1.tlog
c:\users\kyose\source\repos\make3d\make3d\x64\release\make3d.tlog\link.write.1.tlog
