c:\users\kyose\ドキュメント\github\make3d\obj\debug\vc143.pdb
c:\users\kyose\ドキュメント\github\make3d\obj\debug\make3dvertexcolorgltfexporter.obj
c:\users\kyose\ドキュメント\github\make3d\obj\debug\make3dtypedproceduralassets.obj
c:\users\kyose\ドキュメント\github\make3d\obj\debug\make3dshapeinference.obj
c:\users\kyose\ドキュメント\github\make3d\obj\debug\make3dproductionpipeline.obj
c:\users\kyose\ドキュメント\github\make3d\obj\debug\make3dmeshtools.obj
c:\users\kyose\ドキュメント\github\make3d\obj\debug\make3dmeshrepairandtexture.obj
c:\users\kyose\ドキュメント\github\make3d\obj\debug\make3dmeshqualitygate.obj
c:\users\kyose\ドキュメント\github\make3d\obj\debug\make3dmaskrefiner.obj
c:\users\kyose\ドキュメント\github\make3d\obj\debug\make3dlearnedshapetrainer.obj
c:\users\kyose\ドキュメント\github\make3d\obj\debug\make3dlearnedshapemodel.obj
c:\users\kyose\ドキュメント\github\make3d\obj\debug\make3dguiadapter.obj
c:\users\kyose\ドキュメント\github\make3d\obj\debug\make3dgltfmaterialexporter.obj
c:\users\kyose\ドキュメント\github\make3d\obj\debug\make3dgameassetgenerator.obj
c:\users\kyose\ドキュメント\github\make3d\obj\debug\make3dcompletegameassetpipeline.obj
c:\users\kyose\ドキュメント\github\make3d\obj\debug\make3dassettypes.obj
c:\users\kyose\ドキュメント\github\make3d\obj\debug\make3dadvancedcore.obj
c:\users\kyose\ドキュメント\github\make3d\obj\debug\make3dadvancedgui.obj
c:\users\kyose\ドキュメント\github\make3d\bin\debug\make3d.exe
c:\users\kyose\ドキュメント\github\make3d\bin\debug\make3d.pdb
c:\users\kyose\ドキュメント\github\make3d\obj\debug\make3d.ilk
c:\users\kyose\ドキュメント\github\make3d\obj\debug\make3d.vcxproj.filelistabsolute.txt
c:\users\kyose\ドキュメント\github\make3d\obj\debug\make3d.tlog\cl.command.1.tlog
c:\users\kyose\ドキュメント\github\make3d\obj\debug\make3d.tlog\cl.items.tlog
c:\users\kyose\ドキュメント\github\make3d\obj\debug\make3d.tlog\cl.read.1.tlog
c:\users\kyose\ドキュメント\github\make3d\obj\debug\make3d.tlog\cl.write.1.tlog
c:\users\kyose\ドキュメント\github\make3d\obj\debug\make3d.tlog\link.command.1.tlog
c:\users\kyose\ドキュメント\github\make3d\obj\debug\make3d.tlog\link.read.1.tlog
c:\users\kyose\ドキュメント\github\make3d\obj\debug\make3d.tlog\link.secondary.1.tlog
c:\users\kyose\ドキュメント\github\make3d\obj\debug\make3d.tlog\link.write.1.tlog
